<?xml version="1.0" encoding="UTF-8"?>
<testsuite xmlns:xsi="http://www.w3.org/2001/XMLSchema-instance" xsi:noNamespaceSchemaLocation="https://maven.apache.org/surefire/maven-surefire-plugin/xsd/surefire-test-report.xsd" name="com.bookstore.commonservice.CommonServiceApplicationTests" time="7.748" tests="1" errors="0" skipped="0" failures="0">
  <properties>
    <property name="java.specification.version" value="17"/>
    <property name="sun.cpu.isalist" value="amd64"/>
    <property name="sun.jnu.encoding" value="Cp1252"/>
    <property name="java.class.path" value="D:\PBL5_BOOKSTORE\commonservice\target\test-classes;D:\PBL5_BOOKSTORE\commonservice\target\classes;C:\Users\trong\.m2\repository\org\springframework\cloud\spring-cloud-starter-netflix-eureka-client\3.1.6\spring-cloud-starter-netflix-eureka-client-3.1.6.jar;C:\Users\trong\.m2\repository\org\springframework\cloud\spring-cloud-netflix-eureka-client\3.1.6\spring-cloud-netflix-eureka-client-3.1.6.jar;C:\Users\trong\.m2\repository\com\netflix\eureka\eureka-client\1.10.17\eureka-client-1.10.17.jar;C:\Users\trong\.m2\repository\com\netflix\netflix-commons\netflix-eventbus\0.3.0\netflix-eventbus-0.3.0.jar;C:\Users\trong\.m2\repository\com\netflix\netflix-commons\netflix-infix\0.3.0\netflix-infix-0.3.0.jar;C:\Users\trong\.m2\repository\commons-jxpath\commons-jxpath\1.3\commons-jxpath-1.3.jar;C:\Users\trong\.m2\repository\joda-time\joda-time\2.3\joda-time-2.3.jar;C:\Users\trong\.m2\repository\org\antlr\antlr-runtime\3.4\antlr-runtime-3.4.jar;C:\Users\trong\.m2\repository\org\antlr\stringtemplate\3.2.1\stringtemplate-3.2.1.jar;C:\Users\trong\.m2\repository\antlr\antlr\2.7.7\antlr-2.7.7.jar;C:\Users\trong\.m2\repository\com\google\code\gson\gson\2.9.1\gson-2.9.1.jar;C:\Users\trong\.m2\repository\org\apache\commons\commons-math\2.2\commons-math-2.2.jar;C:\Users\trong\.m2\repository\com\thoughtworks\xstream\xstream\1.4.18\xstream-1.4.18.jar;C:\Users\trong\.m2\repository\io\github\x-stream\mxparser\1.2.2\mxparser-1.2.2.jar;C:\Users\trong\.m2\repository\xmlpull\xmlpull\1.1.3.1\xmlpull-1.1.3.1.jar;C:\Users\trong\.m2\repository\javax\ws\rs\jsr311-api\1.1.1\jsr311-api-1.1.1.jar;C:\Users\trong\.m2\repository\com\netflix\servo\servo-core\0.12.21\servo-core-0.12.21.jar;C:\Users\trong\.m2\repository\org\apache\httpcomponents\httpclient\4.5.14\httpclient-4.5.14.jar;C:\Users\trong\.m2\repository\org\apache\httpcomponents\httpcore\4.4.16\httpcore-4.4.16.jar;C:\Users\trong\.m2\repository\commons-codec\commons-codec\1.15\commons-codec-1.15.jar;C:\Users\trong\.m2\repository\commons-configuration\commons-configuration\1.10\commons-configuration-1.10.jar;C:\Users\trong\.m2\repository\commons-lang\commons-lang\2.6\commons-lang-2.6.jar;C:\Users\trong\.m2\repository\com\google\inject\guice\4.1.0\guice-4.1.0.jar;C:\Users\trong\.m2\repository\javax\inject\javax.inject\1\javax.inject-1.jar;C:\Users\trong\.m2\repository\com\fasterxml\jackson\core\jackson-annotations\2.13.5\jackson-annotations-2.13.5.jar;C:\Users\trong\.m2\repository\com\fasterxml\jackson\core\jackson-core\2.13.5\jackson-core-2.13.5.jar;C:\Users\trong\.m2\repository\org\codehaus\jettison\jettison\1.4.0\jettison-1.4.0.jar;C:\Users\trong\.m2\repository\com\netflix\eureka\eureka-core\1.10.17\eureka-core-1.10.17.jar;C:\Users\trong\.m2\repository\com\fasterxml\woodstox\woodstox-core\6.2.1\woodstox-core-6.2.1.jar;C:\Users\trong\.m2\repository\org\codehaus\woodstox\stax2-api\4.2.1\stax2-api-4.2.1.jar;C:\Users\trong\.m2\repository\org\springframework\cloud\spring-cloud-starter-loadbalancer\3.1.6\spring-cloud-starter-loadbalancer-3.1.6.jar;C:\Users\trong\.m2\repository\org\springframework\cloud\spring-cloud-loadbalancer\3.1.6\spring-cloud-loadbalancer-3.1.6.jar;C:\Users\trong\.m2\repository\io\projectreactor\reactor-core\3.4.28\reactor-core-3.4.28.jar;C:\Users\trong\.m2\repository\io\projectreactor\addons\reactor-extra\3.4.10\reactor-extra-3.4.10.jar;C:\Users\trong\.m2\repository\org\springframework\boot\spring-boot-starter-cache\2.7.10\spring-boot-starter-cache-2.7.10.jar;C:\Users\trong\.m2\repository\org\springframework\spring-context-support\5.3.26\spring-context-support-5.3.26.jar;C:\Users\trong\.m2\repository\com\stoyanr\evictor\1.0.0\evictor-1.0.0.jar;C:\Users\trong\.m2\repository\org\axonframework\axon-spring-boot-starter\4.7.3\axon-spring-boot-starter-4.7.3.jar;C:\Users\trong\.m2\repository\org\axonframework\axon-spring-boot-autoconfigure\4.7.3\axon-spring-boot-autoconfigure-4.7.3.jar;C:\Users\trong\.m2\repository\org\axonframework\axon-server-connector\4.7.3\axon-server-connector-4.7.3.jar;C:\Users\trong\.m2\repository\io\axoniq\axonserver-connector-java\4.6.3\axonserver-connector-java-4.6.3.jar;C:\Users\trong\.m2\repository\io\grpc\grpc-protobuf\1.50.2\grpc-protobuf-1.50.2.jar;C:\Users\trong\.m2\repository\io\grpc\grpc-api\1.50.2\grpc-api-1.50.2.jar;C:\Users\trong\.m2\repository\io\grpc\grpc-context\1.50.2\grpc-context-1.50.2.jar;C:\Users\trong\.m2\repository\com\google\protobuf\protobuf-java\3.21.7\protobuf-java-3.21.7.jar;C:\Users\trong\.m2\repository\com\google\api\grpc\proto-google-common-protos\2.9.0\proto-google-common-protos-2.9.0.jar;C:\Users\trong\.m2\repository\io\grpc\grpc-protobuf-lite\1.50.2\grpc-protobuf-lite-1.50.2.jar;C:\Users\trong\.m2\repository\io\grpc\grpc-stub\1.50.2\grpc-stub-1.50.2.jar;C:\Users\trong\.m2\repository\io\grpc\grpc-netty\1.50.2\grpc-netty-1.50.2.jar;C:\Users\trong\.m2\repository\io\grpc\grpc-core\1.50.2\grpc-core-1.50.2.jar;C:\Users\trong\.m2\repository\com\google\android\annotations\4.1.1.4\annotations-4.1.1.4.jar;C:\Users\trong\.m2\repository\org\codehaus\mojo\animal-sniffer-annotations\1.21\animal-sniffer-annotations-1.21.jar;C:\Users\trong\.m2\repository\io\netty\netty-codec-http2\4.1.90.Final\netty-codec-http2-4.1.90.Final.jar;C:\Users\trong\.m2\repository\io\netty\netty-common\4.1.90.Final\netty-common-4.1.90.Final.jar;C:\Users\trong\.m2\repository\io\netty\netty-buffer\4.1.90.Final\netty-buffer-4.1.90.Final.jar;C:\Users\trong\.m2\repository\io\netty\netty-transport\4.1.90.Final\netty-transport-4.1.90.Final.jar;C:\Users\trong\.m2\repository\io\netty\netty-resolver\4.1.90.Final\netty-resolver-4.1.90.Final.jar;C:\Users\trong\.m2\repository\io\netty\netty-codec\4.1.90.Final\netty-codec-4.1.90.Final.jar;C:\Users\trong\.m2\repository\io\netty\netty-handler\4.1.90.Final\netty-handler-4.1.90.Final.jar;C:\Users\trong\.m2\repository\io\netty\netty-codec-http\4.1.90.Final\netty-codec-http-4.1.90.Final.jar;C:\Users\trong\.m2\repository\io\netty\netty-handler-proxy\4.1.90.Final\netty-handler-proxy-4.1.90.Final.jar;C:\Users\trong\.m2\repository\io\netty\netty-codec-socks\4.1.90.Final\netty-codec-socks-4.1.90.Final.jar;C:\Users\trong\.m2\repository\io\perfmark\perfmark-api\0.25.0\perfmark-api-0.25.0.jar;C:\Users\trong\.m2\repository\io\netty\netty-transport-native-unix-common\4.1.90.Final\netty-transport-native-unix-common-4.1.90.Final.jar;C:\Users\trong\.m2\repository\io\netty\netty-tcnative-boringssl-static\2.0.59.Final\netty-tcnative-boringssl-static-2.0.59.Final.jar;C:\Users\trong\.m2\repository\io\netty\netty-tcnative-classes\2.0.59.Final\netty-tcnative-classes-2.0.59.Final.jar;C:\Users\trong\.m2\repository\io\netty\netty-tcnative-boringssl-static\2.0.59.Final\netty-tcnative-boringssl-static-2.0.59.Final-linux-x86_64.jar;C:\Users\trong\.m2\repository\io\netty\netty-tcnative-boringssl-static\2.0.59.Final\netty-tcnative-boringssl-static-2.0.59.Final-linux-aarch_64.jar;C:\Users\trong\.m2\repository\io\netty\netty-tcnative-boringssl-static\2.0.59.Final\netty-tcnative-boringssl-static-2.0.59.Final-osx-x86_64.jar;C:\Users\trong\.m2\repository\io\netty\netty-tcnative-boringssl-static\2.0.59.Final\netty-tcnative-boringssl-static-2.0.59.Final-osx-aarch_64.jar;C:\Users\trong\.m2\repository\io\netty\netty-tcnative-boringssl-static\2.0.59.Final\netty-tcnative-boringssl-static-2.0.59.Final-windows-x86_64.jar;C:\Users\trong\.m2\repository\org\axonframework\axon-spring\4.7.3\axon-spring-4.7.3.jar;C:\Users\trong\.m2\repository\org\slf4j\slf4j-api\1.7.36\slf4j-api-1.7.36.jar;C:\Users\trong\.m2\repository\org\axonframework\axon-configuration\4.7.3\axon-configuration-4.7.3.jar;C:\Users\trong\.m2\repository\org\axonframework\axon-disruptor\4.7.3\axon-disruptor-4.7.3.jar;C:\Users\trong\.m2\repository\com\lmax\disruptor\3.4.4\disruptor-3.4.4.jar;C:\Users\trong\.m2\repository\org\axonframework\axon-eventsourcing\4.7.3\axon-eventsourcing-4.7.3.jar;C:\Users\trong\.m2\repository\org\axonframework\axon-modelling\4.7.3\axon-modelling-4.7.3.jar;C:\Users\trong\.m2\repository\org\axonframework\axon-messaging\4.7.3\axon-messaging-4.7.3.jar;C:\Users\trong\.m2\repository\org\reactivestreams\reactive-streams\1.0.4\reactive-streams-1.0.4.jar;C:\Users\trong\.m2\repository\com\google\guava\guava\31.0.1-jre\guava-31.0.1-jre.jar;C:\Users\trong\.m2\repository\com\google\guava\failureaccess\1.0.1\failureaccess-1.0.1.jar;C:\Users\trong\.m2\repository\com\google\guava\listenablefuture\9999.0-empty-to-avoid-conflict-with-guava\listenablefuture-9999.0-empty-to-avoid-conflict-with-guava.jar;C:\Users\trong\.m2\repository\com\google\code\findbugs\jsr305\3.0.2\jsr305-3.0.2.jar;C:\Users\trong\.m2\repository\org\checkerframework\checker-qual\3.12.0\checker-qual-3.12.0.jar;C:\Users\trong\.m2\repository\com\google\errorprone\error_prone_annotations\2.7.1\error_prone_annotations-2.7.1.jar;C:\Users\trong\.m2\repository\com\google\j2objc\j2objc-annotations\1.3\j2objc-annotations-1.3.jar;C:\Users\trong\.m2\repository\org\springframework\boot\spring-boot-starter-web\2.7.10\spring-boot-starter-web-2.7.10.jar;C:\Users\trong\.m2\repository\org\springframework\boot\spring-boot-starter\2.7.10\spring-boot-starter-2.7.10.jar;C:\Users\trong\.m2\repository\org\springframework\boot\spring-boot\2.7.10\spring-boot-2.7.10.jar;C:\Users\trong\.m2\repository\org\springframework\boot\spring-boot-autoconfigure\2.7.10\spring-boot-autoconfigure-2.7.10.jar;C:\Users\trong\.m2\repository\org\springframework\boot\spring-boot-starter-logging\2.7.10\spring-boot-starter-logging-2.7.10.jar;C:\Users\trong\.m2\repository\ch\qos\logback\logback-classic\1.2.11\logback-classic-1.2.11.jar;C:\Users\trong\.m2\repository\ch\qos\logback\logback-core\1.2.11\logback-core-1.2.11.jar;C:\Users\trong\.m2\repository\org\apache\logging\log4j\log4j-to-slf4j\2.17.2\log4j-to-slf4j-2.17.2.jar;C:\Users\trong\.m2\repository\org\apache\logging\log4j\log4j-api\2.17.2\log4j-api-2.17.2.jar;C:\Users\trong\.m2\repository\org\slf4j\jul-to-slf4j\1.7.36\jul-to-slf4j-1.7.36.jar;C:\Users\trong\.m2\repository\jakarta\annotation\jakarta.annotation-api\1.3.5\jakarta.annotation-api-1.3.5.jar;C:\Users\trong\.m2\repository\org\yaml\snakeyaml\1.30\snakeyaml-1.30.jar;C:\Users\trong\.m2\repository\org\springframework\boot\spring-boot-starter-json\2.7.10\spring-boot-starter-json-2.7.10.jar;C:\Users\trong\.m2\repository\com\fasterxml\jackson\datatype\jackson-datatype-jdk8\2.13.5\jackson-datatype-jdk8-2.13.5.jar;C:\Users\trong\.m2\repository\com\fasterxml\jackson\datatype\jackson-datatype-jsr310\2.13.5\jackson-datatype-jsr310-2.13.5.jar;C:\Users\trong\.m2\repository\com\fasterxml\jackson\module\jackson-module-parameter-names\2.13.5\jackson-module-parameter-names-2.13.5.jar;C:\Users\trong\.m2\repository\org\springframework\boot\spring-boot-starter-tomcat\2.7.10\spring-boot-starter-tomcat-2.7.10.jar;C:\Users\trong\.m2\repository\org\apache\tomcat\embed\tomcat-embed-core\9.0.73\tomcat-embed-core-9.0.73.jar;C:\Users\trong\.m2\repository\org\apache\tomcat\embed\tomcat-embed-el\9.0.73\tomcat-embed-el-9.0.73.jar;C:\Users\trong\.m2\repository\org\apache\tomcat\embed\tomcat-embed-websocket\9.0.73\tomcat-embed-websocket-9.0.73.jar;C:\Users\trong\.m2\repository\org\springframework\spring-web\5.3.26\spring-web-5.3.26.jar;C:\Users\trong\.m2\repository\org\springframework\spring-beans\5.3.26\spring-beans-5.3.26.jar;C:\Users\trong\.m2\repository\org\springframework\spring-webmvc\5.3.26\spring-webmvc-5.3.26.jar;C:\Users\trong\.m2\repository\org\springframework\spring-aop\5.3.26\spring-aop-5.3.26.jar;C:\Users\trong\.m2\repository\org\springframework\spring-context\5.3.26\spring-context-5.3.26.jar;C:\Users\trong\.m2\repository\org\springframework\spring-expression\5.3.26\spring-expression-5.3.26.jar;C:\Users\trong\.m2\repository\org\projectlombok\lombok\1.18.26\lombok-1.18.26.jar;C:\Users\trong\.m2\repository\org\springframework\boot\spring-boot-starter-test\2.7.10\spring-boot-starter-test-2.7.10.jar;C:\Users\trong\.m2\repository\org\springframework\boot\spring-boot-test\2.7.10\spring-boot-test-2.7.10.jar;C:\Users\trong\.m2\repository\org\springframework\boot\spring-boot-test-autoconfigure\2.7.10\spring-boot-test-autoconfigure-2.7.10.jar;C:\Users\trong\.m2\repository\com\jayway\jsonpath\json-path\2.7.0\json-path-2.7.0.jar;C:\Users\trong\.m2\repository\net\minidev\json-smart\2.4.10\json-smart-2.4.10.jar;C:\Users\trong\.m2\repository\net\minidev\accessors-smart\2.4.9\accessors-smart-2.4.9.jar;C:\Users\trong\.m2\repository\org\ow2\asm\asm\9.3\asm-9.3.jar;C:\Users\trong\.m2\repository\jakarta\xml\bind\jakarta.xml.bind-api\2.3.3\jakarta.xml.bind-api-2.3.3.jar;C:\Users\trong\.m2\repository\jakarta\activation\jakarta.activation-api\1.2.2\jakarta.activation-api-1.2.2.jar;C:\Users\trong\.m2\repository\org\assertj\assertj-core\3.22.0\assertj-core-3.22.0.jar;C:\Users\trong\.m2\repository\org\hamcrest\hamcrest\2.2\hamcrest-2.2.jar;C:\Users\trong\.m2\repository\org\junit\jupiter\junit-jupiter\5.8.2\junit-jupiter-5.8.2.jar;C:\Users\trong\.m2\repository\org\junit\jupiter\junit-jupiter-api\5.8.2\junit-jupiter-api-5.8.2.jar;C:\Users\trong\.m2\repository\org\opentest4j\opentest4j\1.2.0\opentest4j-1.2.0.jar;C:\Users\trong\.m2\repository\org\junit\platform\junit-platform-commons\1.8.2\junit-platform-commons-1.8.2.jar;C:\Users\trong\.m2\repository\org\apiguardian\apiguardian-api\1.1.2\apiguardian-api-1.1.2.jar;C:\Users\trong\.m2\repository\org\junit\jupiter\junit-jupiter-params\5.8.2\junit-jupiter-params-5.8.2.jar;C:\Users\trong\.m2\repository\org\junit\jupiter\junit-jupiter-engine\5.8.2\junit-jupiter-engine-5.8.2.jar;C:\Users\trong\.m2\repository\org\junit\platform\junit-platform-engine\1.8.2\junit-platform-engine-1.8.2.jar;C:\Users\trong\.m2\repository\org\mockito\mockito-core\4.5.1\mockito-core-4.5.1.jar;C:\Users\trong\.m2\repository\net\bytebuddy\byte-buddy\1.12.23\byte-buddy-1.12.23.jar;C:\Users\trong\.m2\repository\net\bytebuddy\byte-buddy-agent\1.12.23\byte-buddy-agent-1.12.23.jar;C:\Users\trong\.m2\repository\org\objenesis\objenesis\3.2\objenesis-3.2.jar;C:\Users\trong\.m2\repository\org\mockito\mockito-junit-jupiter\4.5.1\mockito-junit-jupiter-4.5.1.jar;C:\Users\trong\.m2\repository\org\skyscreamer\jsonassert\1.5.1\jsonassert-1.5.1.jar;C:\Users\trong\.m2\repository\com\vaadin\external\google\android-json\0.0.20131108.vaadin1\android-json-0.0.20131108.vaadin1.jar;C:\Users\trong\.m2\repository\org\springframework\spring-core\5.3.26\spring-core-5.3.26.jar;C:\Users\trong\.m2\repository\org\springframework\spring-jcl\5.3.26\spring-jcl-5.3.26.jar;C:\Users\trong\.m2\repository\org\springframework\spring-test\5.3.26\spring-test-5.3.26.jar;C:\Users\trong\.m2\repository\org\xmlunit\xmlunit-core\2.9.1\xmlunit-core-2.9.1.jar;C:\Users\trong\.m2\repository\org\springframework\cloud\spring-cloud-starter\3.1.6\spring-cloud-starter-3.1.6.jar;C:\Users\trong\.m2\repository\org\springframework\cloud\spring-cloud-context\3.1.6\spring-cloud-context-3.1.6.jar;C:\Users\trong\.m2\repository\org\springframework\security\spring-security-crypto\5.7.7\spring-security-crypto-5.7.7.jar;C:\Users\trong\.m2\repository\org\springframework\cloud\spring-cloud-commons\3.1.6\spring-cloud-commons-3.1.6.jar;C:\Users\trong\.m2\repository\org\springframework\security\spring-security-rsa\1.0.11.RELEASE\spring-security-rsa-1.0.11.RELEASE.jar;C:\Users\trong\.m2\repository\org\bouncycastle\bcpkix-jdk15on\1.69\bcpkix-jdk15on-1.69.jar;C:\Users\trong\.m2\repository\org\bouncycastle\bcprov-jdk15on\1.69\bcprov-jdk15on-1.69.jar;C:\Users\trong\.m2\repository\org\bouncycastle\bcutil-jdk15on\1.69\bcutil-jdk15on-1.69.jar;C:\Users\trong\.m2\repository\org\springframework\cloud\spring-cloud-starter-config\3.1.7\spring-cloud-starter-config-3.1.7.jar;C:\Users\trong\.m2\repository\org\springframework\cloud\spring-cloud-config-client\3.1.7\spring-cloud-config-client-3.1.7.jar;C:\Users\trong\.m2\repository\com\fasterxml\jackson\core\jackson-databind\2.13.5\jackson-databind-2.13.5.jar;"/>
    <property name="java.vm.vendor" value="Oracle Corporation"/>
    <property name="sun.arch.data.model" value="64"/>
    <property name="user.variant" value=""/>
    <property name="java.vendor.url" value="https://java.oracle.com/"/>
    <property name="user.timezone" value="Asia/Bangkok"/>
    <property name="os.name" value="Windows 11"/>
    <property name="java.vm.specification.version" value="17"/>
    <property name="sun.java.launcher" value="SUN_STANDARD"/>
    <property name="user.country" value="US"/>
    <property name="sun.boot.library.path" value="C:\Program Files\Java\jdk-17\bin"/>
    <property name="sun.java.command" value="C:\Users\trong\AppData\Local\Temp\surefire18284065181767065467\surefirebooter15361036782284728727.jar C:\Users\trong\AppData\Local\Temp\surefire18284065181767065467 2023-06-08T14-31-03_265-jvmRun1 surefire3417831650250167462tmp surefire_09722746303638826095tmp"/>
    <property name="jdk.debug" value="release"/>
    <property name="surefire.test.class.path" value="D:\PBL5_BOOKSTORE\commonservice\target\test-classes;D:\PBL5_BOOKSTORE\commonservice\target\classes;C:\Users\trong\.m2\repository\org\springframework\cloud\spring-cloud-starter-netflix-eureka-client\3.1.6\spring-cloud-starter-netflix-eureka-client-3.1.6.jar;C:\Users\trong\.m2\repository\org\springframework\cloud\spring-cloud-netflix-eureka-client\3.1.6\spring-cloud-netflix-eureka-client-3.1.6.jar;C:\Users\trong\.m2\repository\com\netflix\eureka\eureka-client\1.10.17\eureka-client-1.10.17.jar;C:\Users\trong\.m2\repository\com\netflix\netflix-commons\netflix-eventbus\0.3.0\netflix-eventbus-0.3.0.jar;C:\Users\trong\.m2\repository\com\netflix\netflix-commons\netflix-infix\0.3.0\netflix-infix-0.3.0.jar;C:\Users\trong\.m2\repository\commons-jxpath\commons-jxpath\1.3\commons-jxpath-1.3.jar;C:\Users\trong\.m2\repository\joda-time\joda-time\2.3\joda-time-2.3.jar;C:\Users\trong\.m2\repository\org\antlr\antlr-runtime\3.4\antlr-runtime-3.4.jar;C:\Users\trong\.m2\repository\org\antlr\stringtemplate\3.2.1\stringtemplate-3.2.1.jar;C:\Users\trong\.m2\repository\antlr\antlr\2.7.7\antlr-2.7.7.jar;C:\Users\trong\.m2\repository\com\google\code\gson\gson\2.9.1\gson-2.9.1.jar;C:\Users\trong\.m2\repository\org\apache\commons\commons-math\2.2\commons-math-2.2.jar;C:\Users\trong\.m2\repository\com\thoughtworks\xstream\xstream\1.4.18\xstream-1.4.18.jar;C:\Users\trong\.m2\repository\io\github\x-stream\mxparser\1.2.2\mxparser-1.2.2.jar;C:\Users\trong\.m2\repository\xmlpull\xmlpull\1.1.3.1\xmlpull-1.1.3.1.jar;C:\Users\trong\.m2\repository\javax\ws\rs\jsr311-api\1.1.1\jsr311-api-1.1.1.jar;C:\Users\trong\.m2\repository\com\netflix\servo\servo-core\0.12.21\servo-core-0.12.21.jar;C:\Users\trong\.m2\repository\org\apache\httpcomponents\httpclient\4.5.14\httpclient-4.5.14.jar;C:\Users\trong\.m2\repository\org\apache\httpcomponents\httpcore\4.4.16\httpcore-4.4.16.jar;C:\Users\trong\.m2\repository\commons-codec\commons-codec\1.15\commons-codec-1.15.jar;C:\Users\trong\.m2\repository\commons-configuration\commons-configuration\1.10\commons-configuration-1.10.jar;C:\Users\trong\.m2\repository\commons-lang\commons-lang\2.6\commons-lang-2.6.jar;C:\Users\trong\.m2\repository\com\google\inject\guice\4.1.0\guice-4.1.0.jar;C:\Users\trong\.m2\repository\javax\inject\javax.inject\1\javax.inject-1.jar;C:\Users\trong\.m2\repository\com\fasterxml\jackson\core\jackson-annotations\2.13.5\jackson-annotations-2.13.5.jar;C:\Users\trong\.m2\repository\com\fasterxml\jackson\core\jackson-core\2.13.5\jackson-core-2.13.5.jar;C:\Users\trong\.m2\repository\org\codehaus\jettison\jettison\1.4.0\jettison-1.4.0.jar;C:\Users\trong\.m2\repository\com\netflix\eureka\eureka-core\1.10.17\eureka-core-1.10.17.jar;C:\Users\trong\.m2\repository\com\fasterxml\woodstox\woodstox-core\6.2.1\woodstox-core-6.2.1.jar;C:\Users\trong\.m2\repository\org\codehaus\woodstox\stax2-api\4.2.1\stax2-api-4.2.1.jar;C:\Users\trong\.m2\repository\org\springframework\cloud\spring-cloud-starter-loadbalancer\3.1.6\spring-cloud-starter-loadbalancer-3.1.6.jar;C:\Users\trong\.m2\repository\org\springframework\cloud\spring-cloud-loadbalancer\3.1.6\spring-cloud-loadbalancer-3.1.6.jar;C:\Users\trong\.m2\repository\io\projectreactor\reactor-core\3.4.28\reactor-core-3.4.28.jar;C:\Users\trong\.m2\repository\io\projectreactor\addons\reactor-extra\3.4.10\reactor-extra-3.4.10.jar;C:\Users\trong\.m2\repository\org\springframework\boot\spring-boot-starter-cache\2.7.10\spring-boot-starter-cache-2.7.10.jar;C:\Users\trong\.m2\repository\org\springframework\spring-context-support\5.3.26\spring-context-support-5.3.26.jar;C:\Users\trong\.m2\repository\com\stoyanr\evictor\1.0.0\evictor-1.0.0.jar;C:\Users\trong\.m2\repository\org\axonframework\axon-spring-boot-starter\4.7.3\axon-spring-boot-starter-4.7.3.jar;C:\Users\trong\.m2\repository\org\axonframework\axon-spring-boot-autoconfigure\4.7.3\axon-spring-boot-autoconfigure-4.7.3.jar;C:\Users\trong\.m2\repository\org\axonframework\axon-server-connector\4.7.3\axon-server-connector-4.7.3.jar;C:\Users\trong\.m2\repository\io\axoniq\axonserver-connector-java\4.6.3\axonserver-connector-java-4.6.3.jar;C:\Users\trong\.m2\repository\io\grpc\grpc-protobuf\1.50.2\grpc-protobuf-1.50.2.jar;C:\Users\trong\.m2\repository\io\grpc\grpc-api\1.50.2\grpc-api-1.50.2.jar;C:\Users\trong\.m2\repository\io\grpc\grpc-context\1.50.2\grpc-context-1.50.2.jar;C:\Users\trong\.m2\repository\com\google\protobuf\protobuf-java\3.21.7\protobuf-java-3.21.7.jar;C:\Users\trong\.m2\repository\com\google\api\grpc\proto-google-common-protos\2.9.0\proto-google-common-protos-2.9.0.jar;C:\Users\trong\.m2\repository\io\grpc\grpc-protobuf-lite\1.50.2\grpc-protobuf-lite-1.50.2.jar;C:\Users\trong\.m2\repository\io\grpc\grpc-stub\1.50.2\grpc-stub-1.50.2.jar;C:\Users\trong\.m2\repository\io\grpc\grpc-netty\1.50.2\grpc-netty-1.50.2.jar;C:\Users\trong\.m2\repository\io\grpc\grpc-core\1.50.2\grpc-core-1.50.2.jar;C:\Users\trong\.m2\repository\com\google\android\annotations\4.1.1.4\annotations-4.1.1.4.jar;C:\Users\trong\.m2\repository\org\codehaus\mojo\animal-sniffer-annotations\1.21\animal-sniffer-annotations-1.21.jar;C:\Users\trong\.m2\repository\io\netty\netty-codec-http2\4.1.90.Final\netty-codec-http2-4.1.90.Final.jar;C:\Users\trong\.m2\repository\io\netty\netty-common\4.1.90.Final\netty-common-4.1.90.Final.jar;C:\Users\trong\.m2\repository\io\netty\netty-buffer\4.1.90.Final\netty-buffer-4.1.90.Final.jar;C:\Users\trong\.m2\repository\io\netty\netty-transport\4.1.90.Final\netty-transport-4.1.90.Final.jar;C:\Users\trong\.m2\repository\io\netty\netty-resolver\4.1.90.Final\netty-resolver-4.1.90.Final.jar;C:\Users\trong\.m2\repository\io\netty\netty-codec\4.1.90.Final\netty-codec-4.1.90.Final.jar;C:\Users\trong\.m2\repository\io\netty\netty-handler\4.1.90.Final\netty-handler-4.1.90.Final.jar;C:\Users\trong\.m2\repository\io\netty\netty-codec-http\4.1.90.Final\netty-codec-http-4.1.90.Final.jar;C:\Users\trong\.m2\repository\io\netty\netty-handler-proxy\4.1.90.Final\netty-handler-proxy-4.1.90.Final.jar;C:\Users\trong\.m2\repository\io\netty\netty-codec-socks\4.1.90.Final\netty-codec-socks-4.1.90.Final.jar;C:\Users\trong\.m2\repository\io\perfmark\perfmark-api\0.25.0\perfmark-api-0.25.0.jar;C:\Users\trong\.m2\repository\io\netty\netty-transport-native-unix-common\4.1.90.Final\netty-transport-native-unix-common-4.1.90.Final.jar;C:\Users\trong\.m2\repository\io\netty\netty-tcnative-boringssl-static\2.0.59.Final\netty-tcnative-boringssl-static-2.0.59.Final.jar;C:\Users\trong\.m2\repository\io\netty\netty-tcnative-classes\2.0.59.Final\netty-tcnative-classes-2.0.59.Final.jar;C:\Users\trong\.m2\repository\io\netty\netty-tcnative-boringssl-static\2.0.59.Final\netty-tcnative-boringssl-static-2.0.59.Final-linux-x86_64.jar;C:\Users\trong\.m2\repository\io\netty\netty-tcnative-boringssl-static\2.0.59.Final\netty-tcnative-boringssl-static-2.0.59.Final-linux-aarch_64.jar;C:\Users\trong\.m2\repository\io\netty\netty-tcnative-boringssl-static\2.0.59.Final\netty-tcnative-boringssl-static-2.0.59.Final-osx-x86_64.jar;C:\Users\trong\.m2\repository\io\netty\netty-tcnative-boringssl-static\2.0.59.Final\netty-tcnative-boringssl-static-2.0.59.Final-osx-aarch_64.jar;C:\Users\trong\.m2\repository\io\netty\netty-tcnative-boringssl-static\2.0.59.Final\netty-tcnative-boringssl-static-2.0.59.Final-windows-x86_64.jar;C:\Users\trong\.m2\repository\org\axonframework\axon-spring\4.7.3\axon-spring-4.7.3.jar;C:\Users\trong\.m2\repository\org\slf4j\slf4j-api\1.7.36\slf4j-api-1.7.36.jar;C:\Users\trong\.m2\repository\org\axonframework\axon-configuration\4.7.3\axon-configuration-4.7.3.jar;C:\Users\trong\.m2\repository\org\axonframework\axon-disruptor\4.7.3\axon-disruptor-4.7.3.jar;C:\Users\trong\.m2\repository\com\lmax\disruptor\3.4.4\disruptor-3.4.4.jar;C:\Users\trong\.m2\repository\org\axonframework\axon-eventsourcing\4.7.3\axon-eventsourcing-4.7.3.jar;C:\Users\trong\.m2\repository\org\axonframework\axon-modelling\4.7.3\axon-modelling-4.7.3.jar;C:\Users\trong\.m2\repository\org\axonframework\axon-messaging\4.7.3\axon-messaging-4.7.3.jar;C:\Users\trong\.m2\repository\org\reactivestreams\reactive-streams\1.0.4\reactive-streams-1.0.4.jar;C:\Users\trong\.m2\repository\com\google\guava\guava\31.0.1-jre\guava-31.0.1-jre.jar;C:\Users\trong\.m2\repository\com\google\guava\failureaccess\1.0.1\failureaccess-1.0.1.jar;C:\Users\trong\.m2\repository\com\google\guava\listenablefuture\9999.0-empty-to-avoid-conflict-with-guava\listenablefuture-9999.0-empty-to-avoid-conflict-with-guava.jar;C:\Users\trong\.m2\repository\com\google\code\findbugs\jsr305\3.0.2\jsr305-3.0.2.jar;C:\Users\trong\.m2\repository\org\checkerframework\checker-qual\3.12.0\checker-qual-3.12.0.jar;C:\Users\trong\.m2\repository\com\google\errorprone\error_prone_annotations\2.7.1\error_prone_annotations-2.7.1.jar;C:\Users\trong\.m2\repository\com\google\j2objc\j2objc-annotations\1.3\j2objc-annotations-1.3.jar;C:\Users\trong\.m2\repository\org\springframework\boot\spring-boot-starter-web\2.7.10\spring-boot-starter-web-2.7.10.jar;C:\Users\trong\.m2\repository\org\springframework\boot\spring-boot-starter\2.7.10\spring-boot-starter-2.7.10.jar;C:\Users\trong\.m2\repository\org\springframework\boot\spring-boot\2.7.10\spring-boot-2.7.10.jar;C:\Users\trong\.m2\repository\org\springframework\boot\spring-boot-autoconfigure\2.7.10\spring-boot-autoconfigure-2.7.10.jar;C:\Users\trong\.m2\repository\org\springframework\boot\spring-boot-starter-logging\2.7.10\spring-boot-starter-logging-2.7.10.jar;C:\Users\trong\.m2\repository\ch\qos\logback\logback-classic\1.2.11\logback-classic-1.2.11.jar;C:\Users\trong\.m2\repository\ch\qos\logback\logback-core\1.2.11\logback-core-1.2.11.jar;C:\Users\trong\.m2\repository\org\apache\logging\log4j\log4j-to-slf4j\2.17.2\log4j-to-slf4j-2.17.2.jar;C:\Users\trong\.m2\repository\org\apache\logging\log4j\log4j-api\2.17.2\log4j-api-2.17.2.jar;C:\Users\trong\.m2\repository\org\slf4j\jul-to-slf4j\1.7.36\jul-to-slf4j-1.7.36.jar;C:\Users\trong\.m2\repository\jakarta\annotation\jakarta.annotation-api\1.3.5\jakarta.annotation-api-1.3.5.jar;C:\Users\trong\.m2\repository\org\yaml\snakeyaml\1.30\snakeyaml-1.30.jar;C:\Users\trong\.m2\repository\org\springframework\boot\spring-boot-starter-json\2.7.10\spring-boot-starter-json-2.7.10.jar;C:\Users\trong\.m2\repository\com\fasterxml\jackson\datatype\jackson-datatype-jdk8\2.13.5\jackson-datatype-jdk8-2.13.5.jar;C:\Users\trong\.m2\repository\com\fasterxml\jackson\datatype\jackson-datatype-jsr310\2.13.5\jackson-datatype-jsr310-2.13.5.jar;C:\Users\trong\.m2\repository\com\fasterxml\jackson\module\jackson-module-parameter-names\2.13.5\jackson-module-parameter-names-2.13.5.jar;C:\Users\trong\.m2\repository\org\springframework\boot\spring-boot-starter-tomcat\2.7.10\spring-boot-starter-tomcat-2.7.10.jar;C:\Users\trong\.m2\repository\org\apache\tomcat\embed\tomcat-embed-core\9.0.73\tomcat-embed-core-9.0.73.jar;C:\Users\trong\.m2\repository\org\apache\tomcat\embed\tomcat-embed-el\9.0.73\tomcat-embed-el-9.0.73.jar;C:\Users\trong\.m2\repository\org\apache\tomcat\embed\tomcat-embed-websocket\9.0.73\tomcat-embed-websocket-9.0.73.jar;C:\Users\trong\.m2\repository\org\springframework\spring-web\5.3.26\spring-web-5.3.26.jar;C:\Users\trong\.m2\repository\org\springframework\spring-beans\5.3.26\spring-beans-5.3.26.jar;C:\Users\trong\.m2\repository\org\springframework\spring-webmvc\5.3.26\spring-webmvc-5.3.26.jar;C:\Users\trong\.m2\repository\org\springframework\spring-aop\5.3.26\spring-aop-5.3.26.jar;C:\Users\trong\.m2\repository\org\springframework\spring-context\5.3.26\spring-context-5.3.26.jar;C:\Users\trong\.m2\repository\org\springframework\spring-expression\5.3.26\spring-expression-5.3.26.jar;C:\Users\trong\.m2\repository\org\projectlombok\lombok\1.18.26\lombok-1.18.26.jar;C:\Users\trong\.m2\repository\org\springframework\boot\spring-boot-starter-test\2.7.10\spring-boot-starter-test-2.7.10.jar;C:\Users\trong\.m2\repository\org\springframework\boot\spring-boot-test\2.7.10\spring-boot-test-2.7.10.jar;C:\Users\trong\.m2\repository\org\springframework\boot\spring-boot-test-autoconfigure\2.7.10\spring-boot-test-autoconfigure-2.7.10.jar;C:\Users\trong\.m2\repository\com\jayway\jsonpath\json-path\2.7.0\json-path-2.7.0.jar;C:\Users\trong\.m2\repository\net\minidev\json-smart\2.4.10\json-smart-2.4.10.jar;C:\Users\trong\.m2\repository\net\minidev\accessors-smart\2.4.9\accessors-smart-2.4.9.jar;C:\Users\trong\.m2\repository\org\ow2\asm\asm\9.3\asm-9.3.jar;C:\Users\trong\.m2\repository\jakarta\xml\bind\jakarta.xml.bind-api\2.3.3\jakarta.xml.bind-api-2.3.3.jar;C:\Users\trong\.m2\repository\jakarta\activation\jakarta.activation-api\1.2.2\jakarta.activation-api-1.2.2.jar;C:\Users\trong\.m2\repository\org\assertj\assertj-core\3.22.0\assertj-core-3.22.0.jar;C:\Users\trong\.m2\repository\org\hamcrest\hamcrest\2.2\hamcrest-2.2.jar;C:\Users\trong\.m2\repository\org\junit\jupiter\junit-jupiter\5.8.2\junit-jupiter-5.8.2.jar;C:\Users\trong\.m2\repository\org\junit\jupiter\junit-jupiter-api\5.8.2\junit-jupiter-api-5.8.2.jar;C:\Users\trong\.m2\repository\org\opentest4j\opentest4j\1.2.0\opentest4j-1.2.0.jar;C:\Users\trong\.m2\repository\org\junit\platform\junit-platform-commons\1.8.2\junit-platform-commons-1.8.2.jar;C:\Users\trong\.m2\repository\org\apiguardian\apiguardian-api\1.1.2\apiguardian-api-1.1.2.jar;C:\Users\trong\.m2\repository\org\junit\jupiter\junit-jupiter-params\5.8.2\junit-jupiter-params-5.8.2.jar;C:\Users\trong\.m2\repository\org\junit\jupiter\junit-jupiter-engine\5.8.2\junit-jupiter-engine-5.8.2.jar;C:\Users\trong\.m2\repository\org\junit\platform\junit-platform-engine\1.8.2\junit-platform-engine-1.8.2.jar;C:\Users\trong\.m2\repository\org\mockito\mockito-core\4.5.1\mockito-core-4.5.1.jar;C:\Users\trong\.m2\repository\net\bytebuddy\byte-buddy\1.12.23\byte-buddy-1.12.23.jar;C:\Users\trong\.m2\repository\net\bytebuddy\byte-buddy-agent\1.12.23\byte-buddy-agent-1.12.23.jar;C:\Users\trong\.m2\repository\org\objenesis\objenesis\3.2\objenesis-3.2.jar;C:\Users\trong\.m2\repository\org\mockito\mockito-junit-jupiter\4.5.1\mockito-junit-jupiter-4.5.1.jar;C:\Users\trong\.m2\repository\org\skyscreamer\jsonassert\1.5.1\jsonassert-1.5.1.jar;C:\Users\trong\.m2\repository\com\vaadin\external\google\android-json\0.0.20131108.vaadin1\android-json-0.0.20131108.vaadin1.jar;C:\Users\trong\.m2\repository\org\springframework\spring-core\5.3.26\spring-core-5.3.26.jar;C:\Users\trong\.m2\repository\org\springframework\spring-jcl\5.3.26\spring-jcl-5.3.26.jar;C:\Users\trong\.m2\repository\org\springframework\spring-test\5.3.26\spring-test-5.3.26.jar;C:\Users\trong\.m2\repository\org\xmlunit\xmlunit-core\2.9.1\xmlunit-core-2.9.1.jar;C:\Users\trong\.m2\repository\org\springframework\cloud\spring-cloud-starter\3.1.6\spring-cloud-starter-3.1.6.jar;C:\Users\trong\.m2\repository\org\springframework\cloud\spring-cloud-context\3.1.6\spring-cloud-context-3.1.6.jar;C:\Users\trong\.m2\repository\org\springframework\security\spring-security-crypto\5.7.7\spring-security-crypto-5.7.7.jar;C:\Users\trong\.m2\repository\org\springframework\cloud\spring-cloud-commons\3.1.6\spring-cloud-commons-3.1.6.jar;C:\Users\trong\.m2\repository\org\springframework\security\spring-security-rsa\1.0.11.RELEASE\spring-security-rsa-1.0.11.RELEASE.jar;C:\Users\trong\.m2\repository\org\bouncycastle\bcpkix-jdk15on\1.69\bcpkix-jdk15on-1.69.jar;C:\Users\trong\.m2\repository\org\bouncycastle\bcprov-jdk15on\1.69\bcprov-jdk15on-1.69.jar;C:\Users\trong\.m2\repository\org\bouncycastle\bcutil-jdk15on\1.69\bcutil-jdk15on-1.69.jar;C:\Users\trong\.m2\repository\org\springframework\cloud\spring-cloud-starter-config\3.1.7\spring-cloud-starter-config-3.1.7.jar;C:\Users\trong\.m2\repository\org\springframework\cloud\spring-cloud-config-client\3.1.7\spring-cloud-config-client-3.1.7.jar;C:\Users\trong\.m2\repository\com\fasterxml\jackson\core\jackson-databind\2.13.5\jackson-databind-2.13.5.jar;"/>
    <property name="sun.cpu.endian" value="little"/>
    <property name="user.home" value="C:\Users\trong"/>
    <property name="user.language" value="en"/>
    <property name="java.specification.vendor" value="Oracle Corporation"/>
    <property name="java.version.date" value="2023-01-17"/>
    <property name="java.home" value="C:\Program Files\Java\jdk-17"/>
    <property name="file.separator" value="\"/>
    <property name="basedir" value="D:\PBL5_BOOKSTORE\commonservice"/>
    <property name="java.vm.compressedOopsMode" value="Zero based"/>
    <property name="line.separator" value="&#10;"/>
    <property name="java.vm.specification.vendor" value="Oracle Corporation"/>
    <property name="java.specification.name" value="Java Platform API Specification"/>
    <property name="surefire.real.class.path" value="C:\Users\trong\AppData\Local\Temp\surefire18284065181767065467\surefirebooter15361036782284728727.jar"/>
    <property name="user.script" value=""/>
    <property name="sun.management.compiler" value="HotSpot 64-Bit Tiered Compilers"/>
    <property name="java.runtime.version" value="17.0.6+9-LTS-190"/>
    <property name="user.name" value="trong"/>
    <property name="path.separator" value=";"/>
    <property name="os.version" value="10.0"/>
    <property name="java.runtime.name" value="Java(TM) SE Runtime Environment"/>
    <property name="file.encoding" value="Cp1252"/>
    <property name="java.vm.name" value="Java HotSpot(TM) 64-Bit Server VM"/>
    <property name="localRepository" value="C:\Users\trong\.m2\repository"/>
    <property name="java.vendor.url.bug" value="https://bugreport.java.com/bugreport/"/>
    <property name="java.io.tmpdir" value="C:\Users\trong\AppData\Local\Temp\"/>
    <property name="java.version" value="17.0.6"/>
    <property name="user.dir" value="D:\PBL5_BOOKSTORE\commonservice"/>
    <property name="os.arch" value="amd64"/>
    <property name="java.vm.specification.name" value="Java Virtual Machine Specification"/>
    <property name="sun.os.patch.level" value=""/>
    <property name="native.encoding" value="Cp1252"/>
    <property name="java.library.path" value="C:\Program Files\Java\jdk-17\bin;C:\WINDOWS\Sun\Java\bin;C:\WINDOWS\system32;C:\WINDOWS;C:\Program Files\Common Files\Oracle\Java\javapath;C:\Program Files (x86)\Common Files\Oracle\Java\javapath;C:\WINDOWS\system32;C:\WINDOWS;C:\WINDOWS\System32\Wbem;C:\WINDOWS\System32\WindowsPowerShell\v1.0\;C:\WINDOWS\System32\OpenSSH\;C:\Program Files (x86)\Intel\Intel(R) Management Engine Components\DAL;C:\Program Files\Intel\Intel(R) Management Engine Components\DAL;D:\Git\Git\cmd;C:\Program Files\nodejs\;D:\Downloads\apache-maven-3.9.1\bin;C:\Program Files\Java\jdk-17\bin;;C:\minikube;C:\Program Files\Docker\Docker\resources\bin;C:\ProgramData\chocolatey\bin;C:\Program Files\MySQL\MySQL Shell 8.0\bin\;C:\Users\trong\AppData\Local\Programs\Python\Python37\Scripts\;C:\Users\trong\AppData\Local\Programs\Python\Python37\;C:\Users\trong\AppData\Local\Programs\Python\Python310\Scripts\;C:\Users\trong\AppData\Local\Programs\Python\Python310\;C:\Users\trong\AppData\Local\Programs\Python\Launcher\;C:\Users\trong\AppData\Local\Programs\Python\Python311\Scripts\;C:\Users\trong\AppData\Local\Programs\Python\Python311\;C:\Users\trong\AppData\Local\Microsoft\WindowsApps;C:\Users\trong\AppData\Roaming\npm;D:\Microsoft VS Code\bin;C:\Program Files\heroku\bin;."/>
    <property name="java.vm.info" value="mixed mode, sharing"/>
    <property name="java.vendor" value="Oracle Corporation"/>
    <property name="java.vm.version" value="17.0.6+9-LTS-190"/>
    <property name="sun.io.unicode.encoding" value="UnicodeLittle"/>
    <property name="java.class.version" value="61.0"/>
  </properties>
  <testcase name="contextLoads" classname="com.bookstore.commonservice.CommonServiceApplicationTests" time="0.423"/>
</testsuite>